Sep 28, 2012 11:10:08 AM main Monthly merge started.
ALL: main.CSVMergeMonthly
Sep 28, 2012 11:12:50 AM main Monthly merge started.
ALL: main.CSVMergeMonthly
Nov 1, 2012 8:11:54 PM main Monthly merge started.
ALL: main.CSVMergeMonthly
Nov 1, 2012 8:14:10 PM main Monthly merge started.
ALL: main.CSVMergeMonthly
Nov 1, 2012 8:15:12 PM main Monthly merge started.
ALL: main.CSVMergeMonthly
Jan 3, 2013 9:29:01 AM main Monthly merge started.
ALL: main.CSVMergeMonthly
Jan 3, 2013 9:29:59 AM main Monthly merge started.
ALL: main.CSVMergeMonthly
Jan 3, 2013 9:31:16 AM main Monthly merge started.
ALL: main.CSVMergeMonthly
May 30, 2013 4:38:30 PM main Monthly merge started.
ALL: main.CSVMergeMonthly
May 30, 2013 4:42:11 PM main Monthly merge started.
ALL: main.CSVMergeMonthly
May 30, 2013 4:43:19 PM main Monthly merge started.
ALL: main.CSVMergeMonthly
Sep 9, 2013 11:03:03 AM main Monthly merge started.
ALL: main.CSVMergeMonthly
Sep 9, 2013 11:07:33 AM main Monthly merge started.
ALL: main.CSVMergeMonthly
Sep 9, 2013 11:08:54 AM main Monthly merge started.
ALL: main.CSVMergeMonthly
Sep 9, 2013 11:17:24 AM main Monthly merge started.
ALL: main.CSVMergeMonthly
Sep 9, 2013 11:24:34 AM main Monthly merge started.
ALL: main.CSVMergeMonthly
Sep 9, 2013 11:29:20 AM main Monthly merge started.
ALL: main.CSVMergeMonthly
Sep 9, 2013 11:38:46 AM main Monthly merge started.
ALL: main.CSVMergeMonthly
Sep 8, 2013 11:43:38 AM main Monthly merge started.
ALL: main.CSVMergeMonthly
Sep 8, 2013 11:49:37 AM main Monthly merge started.
ALL: main.CSVMergeMonthly
Sep 8, 2013 11:51:51 AM main Monthly merge started.
ALL: main.CSVMergeMonthly
Sep 1, 2013 2:59:24 PM main Monthly merge started.
ALL: main.CSVMergeMonthly
Sep 1, 2013 2:59:54 PM main Monthly merge started.
ALL: main.CSVMergeMonthly
Sep 1, 2013 3:02:43 PM main Monthly merge started.
ALL: main.CSVMergeMonthly
Sep 1, 2013 3:03:48 PM main Monthly merge started.
ALL: main.CSVMergeMonthly
Sep 1, 2013 3:05:42 PM main Monthly merge started.
ALL: main.CSVMergeMonthly
Sep 1, 2013 3:11:17 PM main Monthly merge started.
ALL: main.CSVMergeMonthly
Sep 1, 2013 3:18:48 PM main Monthly merge started.
ALL: main.CSVMergeMonthly
Sep 9, 2013 3:26:34 PM main Monthly merge started.
ALL: main.CSVMergeMonthly
Sep 9, 2013 3:27:22 PM main Monthly merge started.
ALL: main.CSVMergeMonthly
Jan 31, 2014 10:08:54 AM main Monthly merge started.
ALL: main.CSVMergeMonthly
Jan 31, 2014 10:11:41 AM main Monthly merge started.
ALL: main.CSVMergeMonthly
Jan 31, 2014 10:14:28 AM main Monthly merge started.
ALL: main.CSVMergeMonthly
Jan 31, 2014 10:15:50 AM main Monthly merge started.
ALL: main.CSVMergeMonthly
Feb 01, 2014 10:16:54 AM main Monthly merge started.
ALL: main.CSVMergeMonthly
Feb 01, 2014 10:17:38 AM main Monthly merge started.
ALL: main.CSVMergeMonthly
Feb 01, 2014 10:21:25 AM main Monthly merge started.
ALL: main.CSVMergeMonthly
Feb 01, 2014 10:28:52 AM main Monthly merge started.
ALL: main.CSVMergeMonthly
Feb 01, 2014 10:30:32 AM main Monthly merge started.
ALL: main.CSVMergeMonthly
Jan 31, 2014 10:33:06 AM main Monthly merge started.
ALL: main.CSVMergeMonthly
